2023-02-14 00:02:122 INFO  HomePage :79 - click on register link :[[ChromeDriver: chrome on WINDOWS (4efdaa0b51b49cfcbb9ff8d122864073)] -> link text: Register]
2023-02-14 00:02:175 INFO  HomePage :80 - Click on build your computer link[[ChromeDriver: chrome on WINDOWS (4efdaa0b51b49cfcbb9ff8d122864073)] -> xpath: //h1[contains(text(),'Register')]]
2023-02-14 00:02:993 INFO  HomePage :79 - click on register link :[[ChromeDriver: chrome on WINDOWS (1c68e2cc9cadcb401a005fd755058f9f)] -> link text: Register]
2023-02-14 00:02:82 INFO  HomePage :136 - Click on register button
2023-02-14 00:02:161 INFO  HomePage :96 - Enter your firstname[[ChromeDriver: chrome on WINDOWS (1c68e2cc9cadcb401a005fd755058f9f)] -> id: FirstName]
2023-02-14 00:02:264 INFO  HomePage :101 - Enter your lastname[[ChromeDriver: chrome on WINDOWS (1c68e2cc9cadcb401a005fd755058f9f)] -> id: LastName]
2023-02-14 00:02:354 INFO  HomePage :106 - select your day of birth[[ChromeDriver: chrome on WINDOWS (1c68e2cc9cadcb401a005fd755058f9f)] -> xpath: //div[@class='inputs date-of-birth']//select[@name='DateOfBirthDay']]
2023-02-14 00:02:430 INFO  HomePage :111 - Select the month which you was born[[ChromeDriver: chrome on WINDOWS (1c68e2cc9cadcb401a005fd755058f9f)] -> xpath: //div[@class='inputs date-of-birth']//select[@name='DateOfBirthMonth']]
2023-02-14 00:02:512 INFO  HomePage :116 - Select the year you was born in[[ChromeDriver: chrome on WINDOWS (1c68e2cc9cadcb401a005fd755058f9f)] -> xpath: //div[@class='inputs date-of-birth']//select[@name='DateOfBirthYear']]
2023-02-14 00:02:625 INFO  HomePage :121 - Enter your email[[ChromeDriver: chrome on WINDOWS (1c68e2cc9cadcb401a005fd755058f9f)] -> id: Email]
2023-02-14 00:02:725 INFO  HomePage :126 - Enter your password[[ChromeDriver: chrome on WINDOWS (1c68e2cc9cadcb401a005fd755058f9f)] -> name: Password]
2023-02-14 00:02:825 INFO  HomePage :131 - Confirm your password[[ChromeDriver: chrome on WINDOWS (1c68e2cc9cadcb401a005fd755058f9f)] -> name: ConfirmPassword]
2023-02-14 00:02:875 INFO  HomePage :136 - Click on register button
2023-02-14 00:02:376 INFO  HomePage :79 - click on register link :[[ChromeDriver: chrome on WINDOWS (072b806b347ecbcbb9acef07b196786c)] -> link text: Register]
2023-02-14 00:02:558 INFO  HomePage :136 - Click on register button
2023-02-14 00:02:706 INFO  HomePage :96 - Enter your firstname[[ChromeDriver: chrome on WINDOWS (072b806b347ecbcbb9acef07b196786c)] -> id: FirstName]
2023-02-14 00:02:865 INFO  HomePage :101 - Enter your lastname[[ChromeDriver: chrome on WINDOWS (072b806b347ecbcbb9acef07b196786c)] -> id: LastName]
2023-02-14 00:02:27 INFO  HomePage :106 - select your day of birth[[ChromeDriver: chrome on WINDOWS (072b806b347ecbcbb9acef07b196786c)] -> xpath: //div[@class='inputs date-of-birth']//select[@name='DateOfBirthDay']]
2023-02-14 00:02:194 INFO  HomePage :111 - Select the month which you was born[[ChromeDriver: chrome on WINDOWS (072b806b347ecbcbb9acef07b196786c)] -> xpath: //div[@class='inputs date-of-birth']//select[@name='DateOfBirthMonth']]
2023-02-14 00:02:341 INFO  HomePage :116 - Select the year you was born in[[ChromeDriver: chrome on WINDOWS (072b806b347ecbcbb9acef07b196786c)] -> xpath: //div[@class='inputs date-of-birth']//select[@name='DateOfBirthYear']]
2023-02-14 00:02:547 INFO  HomePage :121 - Enter your email[[ChromeDriver: chrome on WINDOWS (072b806b347ecbcbb9acef07b196786c)] -> id: Email]
2023-02-14 00:02:717 INFO  HomePage :126 - Enter your password[[ChromeDriver: chrome on WINDOWS (072b806b347ecbcbb9acef07b196786c)] -> name: Password]
2023-02-14 00:02:878 INFO  HomePage :131 - Confirm your password[[ChromeDriver: chrome on WINDOWS (072b806b347ecbcbb9acef07b196786c)] -> name: ConfirmPassword]
2023-02-14 00:02:959 INFO  HomePage :136 - Click on register button
2023-02-14 00:02:440 INFO  HomePage :79 - click on register link :[[ChromeDriver: chrome on WINDOWS (eeaa5b1e32c1a4eb93fe748d3c752fb2)] -> link text: Register]
2023-02-14 00:02:569 INFO  HomePage :136 - Click on register button
2023-02-14 00:02:701 INFO  HomePage :96 - Enter your firstname[[ChromeDriver: chrome on WINDOWS (eeaa5b1e32c1a4eb93fe748d3c752fb2)] -> id: FirstName]
2023-02-14 00:02:869 INFO  HomePage :101 - Enter your lastname[[ChromeDriver: chrome on WINDOWS (eeaa5b1e32c1a4eb93fe748d3c752fb2)] -> id: LastName]
2023-02-14 00:02:998 INFO  HomePage :106 - select your day of birth[[ChromeDriver: chrome on WINDOWS (eeaa5b1e32c1a4eb93fe748d3c752fb2)] -> xpath: //div[@class='inputs date-of-birth']//select[@name='DateOfBirthDay']]
2023-02-14 00:02:125 INFO  HomePage :111 - Select the month which you was born[[ChromeDriver: chrome on WINDOWS (eeaa5b1e32c1a4eb93fe748d3c752fb2)] -> xpath: //div[@class='inputs date-of-birth']//select[@name='DateOfBirthMonth']]
2023-02-14 00:02:267 INFO  HomePage :116 - Select the year you was born in[[ChromeDriver: chrome on WINDOWS (eeaa5b1e32c1a4eb93fe748d3c752fb2)] -> xpath: //div[@class='inputs date-of-birth']//select[@name='DateOfBirthYear']]
2023-02-14 00:02:382 INFO  HomePage :121 - Enter your email[[ChromeDriver: chrome on WINDOWS (eeaa5b1e32c1a4eb93fe748d3c752fb2)] -> id: Email]
2023-02-14 00:02:553 INFO  HomePage :126 - Enter your password[[ChromeDriver: chrome on WINDOWS (eeaa5b1e32c1a4eb93fe748d3c752fb2)] -> name: Password]
2023-02-14 00:02:738 INFO  HomePage :131 - Confirm your password[[ChromeDriver: chrome on WINDOWS (eeaa5b1e32c1a4eb93fe748d3c752fb2)] -> name: ConfirmPassword]
2023-02-14 00:02:824 INFO  HomePage :136 - Click on register button
2023-02-14 00:02:437 INFO  HomePage :79 - click on register link :[[ChromeDriver: chrome on WINDOWS (cea9fdbe6f8a77055260e923551c74f6)] -> link text: Register]
2023-02-14 00:02:579 INFO  HomePage :136 - Click on register button
2023-02-14 00:02:712 INFO  HomePage :96 - Enter your firstname[[ChromeDriver: chrome on WINDOWS (cea9fdbe6f8a77055260e923551c74f6)] -> id: FirstName]
2023-02-14 00:02:865 INFO  HomePage :101 - Enter your lastname[[ChromeDriver: chrome on WINDOWS (cea9fdbe6f8a77055260e923551c74f6)] -> id: LastName]
2023-02-14 00:02:988 INFO  HomePage :106 - select your day of birth[[ChromeDriver: chrome on WINDOWS (cea9fdbe6f8a77055260e923551c74f6)] -> xpath: //div[@class='inputs date-of-birth']//select[@name='DateOfBirthDay']]
2023-02-14 00:02:125 INFO  HomePage :111 - Select the month which you was born[[ChromeDriver: chrome on WINDOWS (cea9fdbe6f8a77055260e923551c74f6)] -> xpath: //div[@class='inputs date-of-birth']//select[@name='DateOfBirthMonth']]
2023-02-14 00:02:259 INFO  HomePage :116 - Select the year you was born in[[ChromeDriver: chrome on WINDOWS (cea9fdbe6f8a77055260e923551c74f6)] -> xpath: //div[@class='inputs date-of-birth']//select[@name='DateOfBirthYear']]
2023-02-14 00:02:470 INFO  HomePage :121 - Enter your email[[ChromeDriver: chrome on WINDOWS (cea9fdbe6f8a77055260e923551c74f6)] -> id: Email]
2023-02-14 00:02:600 INFO  HomePage :126 - Enter your password[[ChromeDriver: chrome on WINDOWS (cea9fdbe6f8a77055260e923551c74f6)] -> name: Password]
2023-02-14 00:02:768 INFO  HomePage :131 - Confirm your password[[ChromeDriver: chrome on WINDOWS (cea9fdbe6f8a77055260e923551c74f6)] -> name: ConfirmPassword]
2023-02-14 00:02:845 INFO  HomePage :136 - Click on register button
2023-02-14 00:02:201 INFO  HomePage :79 - click on register link :[[ChromeDriver: chrome on WINDOWS (6890c516785359e84ed9623be602f643)] -> link text: Register]
2023-02-14 00:02:362 INFO  HomePage :136 - Click on register button
2023-02-14 00:02:490 INFO  HomePage :96 - Enter your firstname[[ChromeDriver: chrome on WINDOWS (6890c516785359e84ed9623be602f643)] -> id: FirstName]
2023-02-14 00:02:646 INFO  HomePage :101 - Enter your lastname[[ChromeDriver: chrome on WINDOWS (6890c516785359e84ed9623be602f643)] -> id: LastName]
2023-02-14 00:02:774 INFO  HomePage :106 - select your day of birth[[ChromeDriver: chrome on WINDOWS (6890c516785359e84ed9623be602f643)] -> xpath: //div[@class='inputs date-of-birth']//select[@name='DateOfBirthDay']]
2023-02-14 00:02:899 INFO  HomePage :111 - Select the month which you was born[[ChromeDriver: chrome on WINDOWS (6890c516785359e84ed9623be602f643)] -> xpath: //div[@class='inputs date-of-birth']//select[@name='DateOfBirthMonth']]
2023-02-14 00:02:35 INFO  HomePage :116 - Select the year you was born in[[ChromeDriver: chrome on WINDOWS (6890c516785359e84ed9623be602f643)] -> xpath: //div[@class='inputs date-of-birth']//select[@name='DateOfBirthYear']]
2023-02-14 00:02:232 INFO  HomePage :121 - Enter your email[[ChromeDriver: chrome on WINDOWS (6890c516785359e84ed9623be602f643)] -> id: Email]
2023-02-14 00:02:414 INFO  HomePage :126 - Enter your password[[ChromeDriver: chrome on WINDOWS (6890c516785359e84ed9623be602f643)] -> name: Password]
2023-02-14 00:02:535 INFO  HomePage :131 - Confirm your password[[ChromeDriver: chrome on WINDOWS (6890c516785359e84ed9623be602f643)] -> name: ConfirmPassword]
2023-02-14 00:02:614 INFO  HomePage :136 - Click on register button
2023-02-14 00:02:925 INFO  HomePage :79 - click on register link :[[ChromeDriver: chrome on WINDOWS (0eeddde94edcf5e82b2302653ebb3ce3)] -> link text: Register]
2023-02-14 00:02:600 INFO  HomePage :79 - click on register link :[[ChromeDriver: chrome on WINDOWS (0eeddde94edcf5e82b2302653ebb3ce3)] -> link text: Register]
2023-02-14 00:02:510 INFO  HomePage :79 - click on register link :[[ChromeDriver: chrome on WINDOWS (0eeddde94edcf5e82b2302653ebb3ce3)] -> link text: Register]
2023-02-14 00:02:510 INFO  HomePage :79 - click on register link :[[ChromeDriver: chrome on WINDOWS (0eeddde94edcf5e82b2302653ebb3ce3)] -> link text: Register]
2023-02-14 00:02:770 INFO  HomePage :38 - Click on computer tab[[ChromeDriver: chrome on WINDOWS (6f3eca1c7b51c81d9c9e29c84ae04bb0)] -> xpath: //ul[@class='top-menu notmobile']/li//a[@href='/computers']]
2023-02-14 00:02:783 INFO  HomePage :42 - getting text from[[ChromeDriver: chrome on WINDOWS (6f3eca1c7b51c81d9c9e29c84ae04bb0)] -> xpath: //div[@class='center-2']//h1[contains(text(),'Computers')]]
2023-02-14 00:02:671 INFO  HomePage :38 - Click on computer tab[[ChromeDriver: chrome on WINDOWS (bd7acdcf30d75a403f3c93c692475460)] -> xpath: //ul[@class='top-menu notmobile']/li//a[@href='/computers']]
2023-02-14 00:02:297 INFO  HomePage :48 - Click on desktop linkProxy element for: DefaultElementLocator 'By.xpath: //h2[@class='title']//a[@href='/desktops']'
2023-02-14 00:02:315 INFO  HomePage :28 - Getting text from [[ChromeDriver: chrome on WINDOWS (bd7acdcf30d75a403f3c93c692475460)] -> xpath: //h1[contains(text(),'Desktops')]]
2023-02-14 00:02:115 INFO  HomePage :38 - Click on computer tab[[ChromeDriver: chrome on WINDOWS (77592779ab745f141d80986e6a134e5f)] -> xpath: //ul[@class='top-menu notmobile']/li//a[@href='/computers']]
2023-02-14 00:02:716 INFO  HomePage :48 - Click on desktop linkProxy element for: DefaultElementLocator 'By.xpath: //h2[@class='title']//a[@href='/desktops']'
2023-02-14 00:02:252 INFO  HomePage :52 - Click on build your computer linkProxy element for: DefaultElementLocator 'By.xpath: //div[@class='products-container']/div[2]/div/div/div[1]/div/div[2]/h2/a'
2023-02-14 00:02:148 INFO  HomePage :74 - clicking on login link : [[ChromeDriver: chrome on WINDOWS (e103538a2160bf0b6e557d8bf5155465)] -> link text: Log in]
2023-02-14 00:02:196 INFO  LoginPage :46 - getting text from : [[ChromeDriver: chrome on WINDOWS (e103538a2160bf0b6e557d8bf5155465)] -> xpath: //h1[contains(text(),'Welcome, Please Sign In!')]]
2023-02-14 00:02:94 INFO  HomePage :74 - clicking on login link : [[ChromeDriver: chrome on WINDOWS (a491db37655f84962e7b3d0ef06fea85)] -> link text: Log in]
2023-02-14 00:02:671 INFO  HomePage :74 - clicking on login link : [[ChromeDriver: chrome on WINDOWS (4b3dc80dbf0dda5342d60cfd1578b20c)] -> link text: Log in]
2023-02-14 00:02:962 INFO  HomePage :74 - clicking on login link : [[ChromeDriver: chrome on WINDOWS (d117dd5e15c0a5298f978019abe0bf8f)] -> link text: Log in]
2023-02-14 00:02:144 INFO  HomePage :74 - clicking on login link : [[ChromeDriver: chrome on WINDOWS (f51c91d94519e76d7405f7c1173af4f9)] -> link text: Log in]
2023-02-14 00:02:930 INFO  HomePage :142 - getting text from : [[ChromeDriver: chrome on WINDOWS (f51c91d94519e76d7405f7c1173af4f9)] -> xpath: //a[contains(text(),'Log out')]]
2023-02-14 00:02:175 INFO  HomePage :74 - clicking on login link : [[ChromeDriver: chrome on WINDOWS (a6c713f33352cf7b1ff446a3c77155e6)] -> link text: Log in]
2023-02-14 00:02:565 INFO  HomePage :89 - Click on logoout linkProxy element for: DefaultElementLocator 'By.xpath: //a[@href='/logout']'
2023-02-14 00:02:596 INFO  HomePage :147 - getting text from [[ChromeDriver: chrome on WINDOWS (a6c713f33352cf7b1ff446a3c77155e6)] -> xpath: //a[contains(text(),'Log in')]]
